<?xml version="1.0" encoding="UTF-8"?>
<!-- Generated by org.testng.reporters.JUnitXMLReporter -->
<testsuite hostname="DESKTOP-KGRR886" ignored="2" name="Test" tests="4" failures="0" timestamp="11 Sep 2022 06:20:28 GMT" time="116.934" errors="0">
  <testcase name="Test1" time="10.312" classname="testcases.SimplilearnLoginTest"/>
  <testcase name="Test2" time="13.227" classname="testcases.SimplilearnLoginTest"/>
  <testcase name="Test3" time="9.736" classname="testcases.SimplilearnLoginTest"/>
  <testcase name="Test1" time="0.001" classname="testcases.HomeTest"/>
  <testcase name="@BeforeTest datasetup" time="0.0" classname="testcases.Baseclass">
    <ignored/>
  </testcase> <!-- @BeforeTest datasetup -->
  <testcase name="@AfterTest datacleanup" time="0.0" classname="testcases.Baseclass">
    <ignored/>
  </testcase> <!-- @AfterTest datacleanup -->
</testsuite> <!-- Test -->
