<?xml version="1.0" encoding="UTF-8"?>
<!-- Generated by org.testng.reporters.JUnitXMLReporter -->
<testsuite hostname="DESKTOP-KGRR886" ignored="0" name="Test" tests="3" failures="0" timestamp="17 Sep 2022 04:42:26 GMT" time="113.705" errors="0">
  <testcase name="Test1" time="12.172" classname="testcases.SimplilearnLoginTest"/>
  <testcase name="Test2" time="21.051" classname="testcases.SimplilearnLoginTest"/>
  <testcase name="Test3" time="11.015" classname="testcases.SimplilearnLoginTest"/>
</testsuite> <!-- Test -->
