<?xml version="1.0" encoding="UTF-8"?>
<testng-results skipped="0" failed="0" ignored="0" total="3" passed="3">
  <reporter-output>
  </reporter-output>
  <suite name="Suite" duration-ms="113705" started-at="2022-09-17T04:40:33Z" finished-at="2022-09-17T04:42:26Z">
    <groups>
    </groups>
    <test name="Test" duration-ms="113705" started-at="2022-09-17T04:40:33Z" finished-at="2022-09-17T04:42:26Z">
      <class name="testcases.SimplilearnLoginTest">
        <test-method status="PASS" signature="datasetup()[pri:0, instance:testcases.SimplilearnLoginTest@6a4f787b]" name="datasetup" is-config="true" duration-ms="2884" started-at="2022-09-17T10:10:33Z" finished-at="2022-09-17T10:10:35Z">
          <reporter-output>
          </reporter-output>
        </test-method> <!-- datasetup -->
        <test-method status="PASS" signature="setup(java.lang.reflect.Method)[pri:0, instance:testcases.SimplilearnLoginTest@6a4f787b]" name="setup" is-config="true" duration-ms="19352" started-at="2022-09-17T10:10:36Z" finished-at="2022-09-17T10:10:55Z">
          <params>
            <param index="0">
              <value>
                <![CDATA[public void testcases.SimplilearnLoginTest.Test1()]]>
              </value>
            </param>
          </params>
          <reporter-output>
          </reporter-output>
        </test-method> <!-- setup -->
        <test-method status="PASS" signature="Test1()[pri:0, instance:testcases.SimplilearnLoginTest@6a4f787b]" name="Test1" duration-ms="12172" started-at="2022-09-17T10:10:55Z" finished-at="2022-09-17T10:11:07Z">
          <reporter-output>
          </reporter-output>
        </test-method> <!-- Test1 -->
        <test-method status="PASS" signature="teardown()[pri:0, instance:testcases.SimplilearnLoginTest@6a4f787b]" name="teardown" is-config="true" duration-ms="10075" started-at="2022-09-17T10:11:07Z" finished-at="2022-09-17T10:11:17Z">
          <reporter-output>
          </reporter-output>
        </test-method> <!-- teardown -->
        <test-method status="PASS" signature="setup(java.lang.reflect.Method)[pri:0, instance:testcases.SimplilearnLoginTest@6a4f787b]" name="setup" is-config="true" duration-ms="15958" started-at="2022-09-17T10:11:17Z" finished-at="2022-09-17T10:11:33Z">
          <params>
            <param index="0">
              <value>
                <![CDATA[public void testcases.SimplilearnLoginTest.Test2(java.lang.String,java.lang.String)]]>
              </value>
            </param>
          </params>
          <reporter-output>
          </reporter-output>
        </test-method> <!-- setup -->
        <test-method status="PASS" signature="Test2(java.lang.String, java.lang.String)[pri:0, instance:testcases.SimplilearnLoginTest@6a4f787b]" name="Test2" duration-ms="21051" started-at="2022-09-17T10:11:33Z" finished-at="2022-09-17T10:11:54Z">
          <params>
            <param index="0">
              <value>
                <![CDATA[sdgfg]]>
              </value>
            </param>
            <param index="1">
              <value>
                <![CDATA[dfgfgf]]>
              </value>
            </param>
          </params>
          <reporter-output>
          </reporter-output>
        </test-method> <!-- Test2 -->
        <test-method status="PASS" signature="teardown()[pri:0, instance:testcases.SimplilearnLoginTest@6a4f787b]" name="teardown" is-config="true" duration-ms="3849" started-at="2022-09-17T10:11:54Z" finished-at="2022-09-17T10:11:58Z">
          <reporter-output>
          </reporter-output>
        </test-method> <!-- teardown -->
        <test-method status="PASS" signature="setup(java.lang.reflect.Method)[pri:0, instance:testcases.SimplilearnLoginTest@6a4f787b]" name="setup" is-config="true" duration-ms="13187" started-at="2022-09-17T10:11:58Z" finished-at="2022-09-17T10:12:11Z">
          <params>
            <param index="0">
              <value>
                <![CDATA[public void testcases.SimplilearnLoginTest.Test3()]]>
              </value>
            </param>
          </params>
          <reporter-output>
          </reporter-output>
        </test-method> <!-- setup -->
        <test-method status="PASS" signature="Test3()[pri:0, instance:testcases.SimplilearnLoginTest@6a4f787b]" name="Test3" duration-ms="11015" started-at="2022-09-17T10:12:11Z" finished-at="2022-09-17T10:12:22Z">
          <reporter-output>
          </reporter-output>
        </test-method> <!-- Test3 -->
        <test-method status="PASS" signature="teardown()[pri:0, instance:testcases.SimplilearnLoginTest@6a4f787b]" name="teardown" is-config="true" duration-ms="2226" started-at="2022-09-17T10:12:22Z" finished-at="2022-09-17T10:12:24Z">
          <reporter-output>
          </reporter-output>
        </test-method> <!-- teardown -->
        <test-method status="PASS" signature="datacleanup()[pri:0, instance:testcases.SimplilearnLoginTest@6a4f787b]" name="datacleanup" is-config="true" duration-ms="1891" started-at="2022-09-17T10:12:24Z" finished-at="2022-09-17T10:12:26Z">
          <reporter-output>
          </reporter-output>
        </test-method> <!-- datacleanup -->
      </class> <!-- testcases.SimplilearnLoginTest -->
    </test> <!-- Test -->
  </suite> <!-- Suite -->
</testng-results>
