<?xml version="1.0" encoding="UTF-8"?>
<testng-results skipped="0" failed="0" ignored="2" total="6" passed="4">
  <reporter-output>
  </reporter-output>
  <suite name="Suite" duration-ms="116934" started-at="2022-09-11T06:18:31Z" finished-at="2022-09-11T06:20:28Z">
    <groups>
    </groups>
    <test name="Test" duration-ms="116934" started-at="2022-09-11T06:18:31Z" finished-at="2022-09-11T06:20:28Z">
      <class name="testcases.HomeTest">
        <test-method status="PASS" signature="setup()[pri:0, instance:testcases.HomeTest@47c62251]" name="setup" is-config="true" duration-ms="18038" started-at="2022-09-11T11:50:06Z" finished-at="2022-09-11T11:50:24Z">
          <reporter-output>
          </reporter-output>
        </test-method> <!-- setup -->
        <test-method status="PASS" signature="Test1()[pri:0, instance:testcases.HomeTest@47c62251]" name="Test1" duration-ms="1" started-at="2022-09-11T11:50:24Z" finished-at="2022-09-11T11:50:24Z">
          <reporter-output>
          </reporter-output>
        </test-method> <!-- Test1 -->
        <test-method status="PASS" signature="teardown()[pri:0, instance:testcases.HomeTest@47c62251]" name="teardown" is-config="true" duration-ms="4322" started-at="2022-09-11T11:50:24Z" finished-at="2022-09-11T11:50:28Z">
          <reporter-output>
          </reporter-output>
        </test-method> <!-- teardown -->
      </class> <!-- testcases.HomeTest -->
      <class name="testcases.SimplilearnLoginTest">
        <test-method status="PASS" signature="datasetup()[pri:0, instance:testcases.SimplilearnLoginTest@6f7fd0e6]" name="datasetup" is-config="true" duration-ms="774" started-at="2022-09-11T11:48:31Z" finished-at="2022-09-11T11:48:32Z">
          <reporter-output>
          </reporter-output>
        </test-method> <!-- datasetup -->
        <test-method status="PASS" signature="setup()[pri:0, instance:testcases.SimplilearnLoginTest@6f7fd0e6]" name="setup" is-config="true" duration-ms="11933" started-at="2022-09-11T11:48:32Z" finished-at="2022-09-11T11:48:44Z">
          <reporter-output>
          </reporter-output>
        </test-method> <!-- setup -->
        <test-method status="PASS" signature="Test1()[pri:0, instance:testcases.SimplilearnLoginTest@6f7fd0e6]" name="Test1" duration-ms="10312" started-at="2022-09-11T11:48:44Z" finished-at="2022-09-11T11:48:54Z">
          <reporter-output>
          </reporter-output>
        </test-method> <!-- Test1 -->
        <test-method status="PASS" signature="teardown()[pri:0, instance:testcases.SimplilearnLoginTest@6f7fd0e6]" name="teardown" is-config="true" duration-ms="3144" started-at="2022-09-11T11:48:54Z" finished-at="2022-09-11T11:48:57Z">
          <reporter-output>
          </reporter-output>
        </test-method> <!-- teardown -->
        <test-method status="PASS" signature="setup()[pri:0, instance:testcases.SimplilearnLoginTest@6f7fd0e6]" name="setup" is-config="true" duration-ms="11311" started-at="2022-09-11T11:48:57Z" finished-at="2022-09-11T11:49:09Z">
          <reporter-output>
          </reporter-output>
        </test-method> <!-- setup -->
        <test-method status="PASS" signature="Test2(java.lang.String, java.lang.String)[pri:0, instance:testcases.SimplilearnLoginTest@6f7fd0e6]" name="Test2" duration-ms="13227" started-at="2022-09-11T11:49:09Z" finished-at="2022-09-11T11:49:22Z">
          <params>
            <param index="0">
              <value>
                <![CDATA[sdgfg]]>
              </value>
            </param>
            <param index="1">
              <value>
                <![CDATA[dfgfgf]]>
              </value>
            </param>
          </params>
          <reporter-output>
          </reporter-output>
        </test-method> <!-- Test2 -->
        <test-method status="PASS" signature="teardown()[pri:0, instance:testcases.SimplilearnLoginTest@6f7fd0e6]" name="teardown" is-config="true" duration-ms="13162" started-at="2022-09-11T11:49:22Z" finished-at="2022-09-11T11:49:35Z">
          <reporter-output>
          </reporter-output>
        </test-method> <!-- teardown -->
        <test-method status="PASS" signature="setup()[pri:0, instance:testcases.SimplilearnLoginTest@6f7fd0e6]" name="setup" is-config="true" duration-ms="20411" started-at="2022-09-11T11:49:35Z" finished-at="2022-09-11T11:49:55Z">
          <reporter-output>
          </reporter-output>
        </test-method> <!-- setup -->
        <test-method status="PASS" signature="Test3()[pri:0, instance:testcases.SimplilearnLoginTest@6f7fd0e6]" name="Test3" duration-ms="9736" started-at="2022-09-11T11:49:55Z" finished-at="2022-09-11T11:50:05Z">
          <reporter-output>
          </reporter-output>
        </test-method> <!-- Test3 -->
        <test-method status="PASS" signature="teardown()[pri:0, instance:testcases.SimplilearnLoginTest@6f7fd0e6]" name="teardown" is-config="true" duration-ms="529" started-at="2022-09-11T11:50:05Z" finished-at="2022-09-11T11:50:06Z">
          <reporter-output>
          </reporter-output>
        </test-method> <!-- teardown -->
        <test-method status="PASS" signature="datacleanup()[pri:0, instance:testcases.SimplilearnLoginTest@6f7fd0e6]" name="datacleanup" is-config="true" duration-ms="0" started-at="2022-09-11T11:50:28Z" finished-at="2022-09-11T11:50:28Z">
          <reporter-output>
          </reporter-output>
        </test-method> <!-- datacleanup -->
      </class> <!-- testcases.SimplilearnLoginTest -->
    </test> <!-- Test -->
  </suite> <!-- Suite -->
</testng-results>
